[debug] [2024-07-26T16:31:59.495Z] ----------------------------------------------------------------------
[debug] [2024-07-26T16:31:59.498Z] Command:       C:\Program Files\nodejs\node.exe C:\Users\colli\AppData\Roaming\npm\node_modules\firebase-tools\lib\bin\firebase.js deploy
[debug] [2024-07-26T16:31:59.499Z] CLI Version:   13.14.1
[debug] [2024-07-26T16:31:59.499Z] Platform:      win32
[debug] [2024-07-26T16:31:59.499Z] Node Version:  v20.14.0
[debug] [2024-07-26T16:31:59.499Z] Time:          Fri Jul 26 2024 17:31:59 GMT+0100 (British Summer Time)
[debug] [2024-07-26T16:31:59.499Z] ----------------------------------------------------------------------
[debug] 
[debug] [2024-07-26T16:31:59.563Z] > command requires scopes: ["email","openid","https://www.googleapis.com/auth/cloudplatformprojects.readonly","https://www.googleapis.com/auth/firebase","https://www.googleapis.com/auth/cloud-platform"]
[debug] [2024-07-26T16:31:59.564Z] > authorizing via signed-in user (collins.ose5@gmail.com)
[debug] [2024-07-26T16:31:59.564Z] [iam] checking project overflowing-grace for permissions ["cloudfunctions.functions.create","cloudfunctions.functions.delete","cloudfunctions.functions.get","cloudfunctions.functions.list","cloudfunctions.functions.update","cloudfunctions.operations.get","datastore.indexes.create","datastore.indexes.delete","datastore.indexes.list","datastore.indexes.update","firebase.projects.get","firebasehosting.sites.update","firebaserules.releases.create","firebaserules.releases.update","firebaserules.rulesets.create"]
[debug] [2024-07-26T16:31:59.565Z] > refreshing access token with scopes: []
[debug] [2024-07-26T16:31:59.567Z] >>> [apiv2][query] POST https://www.googleapis.com/oauth2/v3/token [none]
[debug] [2024-07-26T16:31:59.567Z] >>> [apiv2][body] POST https://www.googleapis.com/oauth2/v3/token [omitted]
[debug] [2024-07-26T16:31:59.846Z] <<< [apiv2][status] POST https://www.googleapis.com/oauth2/v3/token 200
[debug] [2024-07-26T16:31:59.846Z] <<< [apiv2][body] POST https://www.googleapis.com/oauth2/v3/token [omitted]
[debug] [2024-07-26T16:31:59.862Z] >>> [apiv2][query] POST https://cloudresourcemanager.googleapis.com/v1/projects/overflowing-grace:testIamPermissions [none]
[debug] [2024-07-26T16:31:59.862Z] >>> [apiv2][(partial)header] POST https://cloudresourcemanager.googleapis.com/v1/projects/overflowing-grace:testIamPermissions x-goog-quota-user=projects/overflowing-grace
[debug] [2024-07-26T16:31:59.862Z] >>> [apiv2][body] POST https://cloudresourcemanager.googleapis.com/v1/projects/overflowing-grace:testIamPermissions {"permissions":["cloudfunctions.functions.create","cloudfunctions.functions.delete","cloudfunctions.functions.get","cloudfunctions.functions.list","cloudfunctions.functions.update","cloudfunctions.operations.get","datastore.indexes.create","datastore.indexes.delete","datastore.indexes.list","datastore.indexes.update","firebase.projects.get","firebasehosting.sites.update","firebaserules.releases.create","firebaserules.releases.update","firebaserules.rulesets.create"]}
[debug] [2024-07-26T16:32:00.629Z] <<< [apiv2][status] POST https://cloudresourcemanager.googleapis.com/v1/projects/overflowing-grace:testIamPermissions 200
[debug] [2024-07-26T16:32:00.630Z] <<< [apiv2][body] POST https://cloudresourcemanager.googleapis.com/v1/projects/overflowing-grace:testIamPermissions {"permissions":["cloudfunctions.functions.create","cloudfunctions.functions.delete","cloudfunctions.functions.get","cloudfunctions.functions.list","cloudfunctions.functions.update","cloudfunctions.operations.get","datastore.indexes.create","datastore.indexes.delete","datastore.indexes.list","datastore.indexes.update","firebase.projects.get","firebasehosting.sites.update","firebaserules.releases.create","firebaserules.releases.update","firebaserules.rulesets.create"]}
[debug] [2024-07-26T16:32:00.630Z] >>> [apiv2][query] POST https://iam.googleapis.com/v1/projects/overflowing-grace/serviceAccounts/overflowing-grace@appspot.gserviceaccount.com:testIamPermissions [none]
[debug] [2024-07-26T16:32:00.630Z] >>> [apiv2][body] POST https://iam.googleapis.com/v1/projects/overflowing-grace/serviceAccounts/overflowing-grace@appspot.gserviceaccount.com:testIamPermissions {"permissions":["iam.serviceAccounts.actAs"]}
[debug] [2024-07-26T16:32:01.414Z] <<< [apiv2][status] POST https://iam.googleapis.com/v1/projects/overflowing-grace/serviceAccounts/overflowing-grace@appspot.gserviceaccount.com:testIamPermissions 200
[debug] [2024-07-26T16:32:01.414Z] <<< [apiv2][body] POST https://iam.googleapis.com/v1/projects/overflowing-grace/serviceAccounts/overflowing-grace@appspot.gserviceaccount.com:testIamPermissions {"permissions":["iam.serviceAccounts.actAs"]}
[debug] [2024-07-26T16:32:01.415Z] >>> [apiv2][query] GET https://firebase.googleapis.com/v1beta1/projects/overflowing-grace [none]
[debug] [2024-07-26T16:32:01.867Z] <<< [apiv2][status] GET https://firebase.googleapis.com/v1beta1/projects/overflowing-grace 200
[debug] [2024-07-26T16:32:01.867Z] <<< [apiv2][body] GET https://firebase.googleapis.com/v1beta1/projects/overflowing-grace {"projectId":"overflowing-grace","projectNumber":"1065437114816","displayName":"Overflowing Grace","name":"projects/overflowing-grace","resources":{"hostingSite":"overflowing-grace","realtimeDatabaseInstance":"overflowing-grace-default-rtdb","storageBucket":"overflowing-grace.appspot.com","locationId":"europe-west"},"state":"ACTIVE","etag":"1_a9b6b83b-490d-489b-a5ef-442890097f79"}
[debug] [2024-07-26T16:32:07.707Z] defaultcredentials: writing to file C:\Users\colli\AppData\Roaming\firebase\collins_ose5_gmail.com_application_default_credentials.json
[debug] [2024-07-26T16:32:07.712Z] >>> [apiv2][query] GET https://firebasehosting.googleapis.com/v1beta1/projects/overflowing-grace/sites pageToken=&pageSize=10
[debug] [2024-07-26T16:32:08.697Z] <<< [apiv2][status] GET https://firebasehosting.googleapis.com/v1beta1/projects/overflowing-grace/sites 200
[debug] [2024-07-26T16:32:08.697Z] <<< [apiv2][body] GET https://firebasehosting.googleapis.com/v1beta1/projects/overflowing-grace/sites {"sites":[{"name":"projects/overflowing-grace/sites/overflowing-grace","defaultUrl":"https://overflowing-grace.web.app","appId":"1:1065437114816:web:f0fb56988c4e7fd41cd825","type":"DEFAULT_SITE"}]}
[debug] [2024-07-26T16:32:08.698Z] >>> [apiv2][query] GET https://firebase.googleapis.com/v1beta1/projects/-/webApps/1:1065437114816:web:f0fb56988c4e7fd41cd825/config [none]
[debug] [2024-07-26T16:32:09.512Z] <<< [apiv2][status] GET https://firebase.googleapis.com/v1beta1/projects/-/webApps/1:1065437114816:web:f0fb56988c4e7fd41cd825/config 200
[debug] [2024-07-26T16:32:09.512Z] <<< [apiv2][body] GET https://firebase.googleapis.com/v1beta1/projects/-/webApps/1:1065437114816:web:f0fb56988c4e7fd41cd825/config {"projectId":"overflowing-grace","appId":"1:1065437114816:web:f0fb56988c4e7fd41cd825","databaseURL":"https://overflowing-grace-default-rtdb.europe-west1.firebasedatabase.app","storageBucket":"overflowing-grace.appspot.com","locationId":"europe-west","apiKey":"AIzaSyBhKM5cHUiqcsJC9MIYipQsD4Un3w6Muxw","authDomain":"overflowing-grace.firebaseapp.com","messagingSenderId":"1065437114816","measurementId":"G-BWZ8L38R0B"}
[info] 
   Thank you for trying our early preview of Next.js support on Firebase Hosting.
   During the preview, support is best-effort and breaking changes can be expected. Proceed with caution.
   The integration is known to work with Next.js version 12 - 14.0. You may encounter errors.

   Documentation: https://firebase.google.com/docs/hosting/frameworks/nextjs
   File a bug: https://github.com/firebase/firebase-tools/issues/new?template=bug_report.md
   Submit a feature request: https://github.com/firebase/firebase-tools/issues/new?template=feature_request.md

   We'd love to learn from you. Express your interest in helping us shape the future of Firebase Hosting: https://goo.gle/41enW5X

[debug] [2024-07-26T16:32:22.872Z] >>> [apiv2][query] GET https://firebasehosting.googleapis.com/v1beta1/projects/overflowing-grace/sites/overflowing-grace [none]
[debug] [2024-07-26T16:32:23.756Z] <<< [apiv2][status] GET https://firebasehosting.googleapis.com/v1beta1/projects/overflowing-grace/sites/overflowing-grace 200
[debug] [2024-07-26T16:32:23.756Z] <<< [apiv2][body] GET https://firebasehosting.googleapis.com/v1beta1/projects/overflowing-grace/sites/overflowing-grace {"name":"projects/overflowing-grace/sites/overflowing-grace","defaultUrl":"https://overflowing-grace.web.app","appId":"1:1065437114816:web:f0fb56988c4e7fd41cd825","type":"DEFAULT_SITE"}
[info]   ▲ Next.js 14.2.5

[info]   - Environments: .env.local


[info]    Creating an optimized production build ...

